<?xml version="1.0" encoding="utf-8" standalone="no"?>
<!--This file represents the results of running a test suite-->
<test-results name="C:\Documents and Settings\User\My Documents\Visual Studio 2008\Projects\WDDX\WDDX Tests\bin\Debug\WDDX Tests.dll" total="20" errors="0" failures="0" not-run="0" inconclusive="0" ignored="0" skipped="0" invalid="0" date="2011-10-11" time="13:59:53">
  <environment nunit-version="2.5.10.11092" clr-version="2.0.50727.3623" os-version="Microsoft Windows NT 5.1.2600 Service Pack 3" platform="Win32NT" cwd="C:\Program Files\NUnit 2.5.10\bin\net-2.0" machine-name="FINANCIALEDGE" user="User" user-domain="FINANCIALEDGE" />
  <culture-info current-culture="en-US" current-uiculture="en-US" />
  <test-suite type="Assembly" name="C:\Documents and Settings\User\My Documents\Visual Studio 2008\Projects\WDDX\WDDX Tests\bin\Debug\WDDX Tests.dll" executed="True" result="Success" success="True" time="0.481" asserts="0">
    <results>
      <test-suite type="Namespace" name="Mueller" executed="True" result="Success" success="True" time="0.471" asserts="0">
        <results>
          <test-suite type="Namespace" name="Wddx" executed="True" result="Success" success="True" time="0.471" asserts="0">
            <results>
              <test-suite type="Namespace" name="Tests" executed="True" result="Success" success="True" time="0.461" asserts="0">
                <results>
                  <test-suite type="TestFixture" name="WddxTest" executed="True" result="Success" success="True" time="0.461" asserts="0">
                    <results>
                      <test-case name="Mueller.Wddx.Tests.WddxTest.TestBasicArrayDeserialization" executed="True" result="Success" success="True" time="0.010" asserts="23" />
                      <test-case name="Mueller.Wddx.Tests.WddxTest.TestBasicArraySerialization" executed="True" result="Success" success="True" time="0.080" asserts="2" />
                      <test-case name="Mueller.Wddx.Tests.WddxTest.TestBasicStructDeserialization" executed="True" result="Success" success="True" time="0.000" asserts="5" />
                      <test-case name="Mueller.Wddx.Tests.WddxTest.TestBasicStructSerialization" executed="True" result="Success" success="True" time="0.010" asserts="1" />
                      <test-case name="Mueller.Wddx.Tests.WddxTest.TestBasicTypeDeserialization" executed="True" result="Success" success="True" time="0.000" asserts="9" />
                      <test-case name="Mueller.Wddx.Tests.WddxTest.TestBasicTypeSerialization" executed="True" result="Success" success="True" time="0.000" asserts="10" />
                      <test-case name="Mueller.Wddx.Tests.WddxTest.TestBinaryDeserialization" executed="True" result="Success" success="True" time="0.000" asserts="22" />
                      <test-case name="Mueller.Wddx.Tests.WddxTest.TestBinarySerialization" executed="True" result="Success" success="True" time="0.000" asserts="1" />
                      <test-case name="Mueller.Wddx.Tests.WddxTest.TestComplexArrayDeserialization" executed="True" result="Success" success="True" time="0.000" asserts="17" />
                      <test-case name="Mueller.Wddx.Tests.WddxTest.TestComplexArraySerialization" executed="True" result="Success" success="True" time="0.000" asserts="2" />
                      <test-case name="Mueller.Wddx.Tests.WddxTest.TestComplexStructDeserialization" executed="True" result="Success" success="True" time="0.060" asserts="0" />
                      <test-case name="Mueller.Wddx.Tests.WddxTest.TestComplexStructSerialization" executed="True" result="Success" success="True" time="0.030" asserts="1" />
                      <test-case name="Mueller.Wddx.Tests.WddxTest.TestDataSetDeserialization" executed="True" result="Success" success="True" time="0.010" asserts="6" />
                      <test-case name="Mueller.Wddx.Tests.WddxTest.TestDataSetSerialization" executed="True" result="Success" success="True" time="0.010" asserts="2" />
                      <test-case name="Mueller.Wddx.Tests.WddxTest.TestDecimalDeserializationBug" executed="True" result="Success" success="True" time="0.000" asserts="1" />
                      <test-case name="Mueller.Wddx.Tests.WddxTest.TestGenericSerialization" executed="True" result="Success" success="True" time="0.010" asserts="1" />
                      <test-case name="Mueller.Wddx.Tests.WddxTest.TestIsValid" executed="True" result="Success" success="True" time="0.180" asserts="2" />
                      <test-case name="Mueller.Wddx.Tests.WddxTest.TestLargeSample" executed="True" result="Success" success="True" time="0.000" asserts="1" />
                      <test-case name="Mueller.Wddx.Tests.WddxTest.TestStringDeserializationBug" executed="True" result="Success" success="True" time="0.000" asserts="1" />
                      <test-case name="Mueller.Wddx.Tests.WddxTest.TestValidDeserialization" executed="True" result="Success" success="True" time="0.010" asserts="0" />
                    </results>
                  </test-suite>
                </results>
              </test-suite>
            </results>
          </test-suite>
        </results>
      </test-suite>
    </results>
  </test-suite>
</test-results>